Analysis & Synthesis report for mips_de1
Sun May 09 16:07:08 2021
Quartus Prime Version 18.1.0 Build 625 09/12/2018 SJ Lite Edition


---------------------
; Table of Contents ;
---------------------
  1. Legal Notice
  2. Analysis & Synthesis Summary
  3. Analysis & Synthesis Settings
  4. Parallel Compilation
  5. Analysis & Synthesis Source Files Read
  6. Analysis & Synthesis Resource Usage Summary
  7. Analysis & Synthesis Resource Utilization by Entity
  8. Analysis & Synthesis DSP Block Usage Summary
  9. General Register Statistics
 10. Multiplexer Restructuring Statistics (Restructuring Performed)
 11. Parameter Settings for User Entity Instance: counter:ctr
 12. Port Connectivity Checks: "sseg:s5"
 13. Port Connectivity Checks: "sseg:s4"
 14. Port Connectivity Checks: "core:core0|rom:r0"
 15. Port Connectivity Checks: "core:core0"
 16. Post-Synthesis Netlist Statistics for Top Partition
 17. Elapsed Time Per Partition
 18. Analysis & Synthesis Messages



----------------
; Legal Notice ;
----------------
Copyright (C) 2018  Intel Corporation. All rights reserved.
Your use of Intel Corporation's design tools, logic functions 
and other software and tools, and its AMPP partner logic 
functions, and any output files from any of the foregoing 
(including device programming or simulation files), and any 
associated documentation or information are expressly subject 
to the terms and conditions of the Intel Program License 
Subscription Agreement, the Intel Quartus Prime License Agreement,
the Intel FPGA IP License Agreement, or other applicable license
agreement, including, without limitation, that your use is for
the sole purpose of programming logic devices manufactured by
Intel and sold by Intel or its authorized distributors.  Please
refer to the applicable agreement for further details.



+-------------------------------------------------------------------------------+
; Analysis & Synthesis Summary                                                  ;
+---------------------------------+---------------------------------------------+
; Analysis & Synthesis Status     ; Successful - Sun May 09 16:07:08 2021       ;
; Quartus Prime Version           ; 18.1.0 Build 625 09/12/2018 SJ Lite Edition ;
; Revision Name                   ; mips_de1                                    ;
; Top-level Entity Name           ; picoMIPS4test                               ;
; Family                          ; Cyclone V                                   ;
; Logic utilization (in ALMs)     ; N/A                                         ;
; Total registers                 ; 59                                          ;
; Total pins                      ; 67                                          ;
; Total virtual pins              ; 0                                           ;
; Total block memory bits         ; 0                                           ;
; Total DSP Blocks                ; 2                                           ;
; Total HSSI RX PCSs              ; 0                                           ;
; Total HSSI PMA RX Deserializers ; 0                                           ;
; Total HSSI TX PCSs              ; 0                                           ;
; Total HSSI PMA TX Serializers   ; 0                                           ;
; Total PLLs                      ; 0                                           ;
; Total DLLs                      ; 0                                           ;
+---------------------------------+---------------------------------------------+


+---------------------------------------------------------------------------------------------------------------------------+
; Analysis & Synthesis Settings                                                                                             ;
+---------------------------------------------------------------------------------+--------------------+--------------------+
; Option                                                                          ; Setting            ; Default Value      ;
+---------------------------------------------------------------------------------+--------------------+--------------------+
; Device                                                                          ; 5CSEMA5F31C6       ;                    ;
; Top-level entity name                                                           ; picoMIPS4test      ; mips_de1           ;
; Family name                                                                     ; Cyclone V          ; Cyclone V          ;
; Restructure Multiplexers                                                        ; On                 ; Auto               ;
; DSP Block Balancing                                                             ; Simple Multipliers ; Auto               ;
; Remove Redundant Logic Cells                                                    ; On                 ; Off                ;
; Optimization Technique                                                          ; Area               ; Balanced           ;
; Auto Resource Sharing                                                           ; On                 ; Off                ;
; Allow Any RAM Size For Recognition                                              ; On                 ; Off                ;
; Allow Any ROM Size For Recognition                                              ; On                 ; Off                ;
; Auto Gated Clock Conversion                                                     ; On                 ; Off                ;
; Use smart compilation                                                           ; Off                ; Off                ;
; Enable parallel Assembler and Timing Analyzer during compilation                ; On                 ; On                 ;
; Enable compact report table                                                     ; Off                ; Off                ;
; MLAB Add Timing Constraints For Mixed-Port Feed-Through Mode Setting Don't Care ; Off                ; Off                ;
; Create Debugging Nodes for IP Cores                                             ; Off                ; Off                ;
; Preserve fewer node names                                                       ; On                 ; On                 ;
; Intel FPGA IP Evaluation Mode                                                   ; Enable             ; Enable             ;
; Verilog Version                                                                 ; Verilog_2001       ; Verilog_2001       ;
; VHDL Version                                                                    ; VHDL_1993          ; VHDL_1993          ;
; State Machine Processing                                                        ; Auto               ; Auto               ;
; Safe State Machine                                                              ; Off                ; Off                ;
; Extract Verilog State Machines                                                  ; On                 ; On                 ;
; Extract VHDL State Machines                                                     ; On                 ; On                 ;
; Ignore Verilog initial constructs                                               ; Off                ; Off                ;
; Iteration limit for constant Verilog loops                                      ; 5000               ; 5000               ;
; Iteration limit for non-constant Verilog loops                                  ; 250                ; 250                ;
; Add Pass-Through Logic to Inferred RAMs                                         ; On                 ; On                 ;
; Infer RAMs from Raw Logic                                                       ; On                 ; On                 ;
; Parallel Synthesis                                                              ; On                 ; On                 ;
; NOT Gate Push-Back                                                              ; On                 ; On                 ;
; Power-Up Don't Care                                                             ; On                 ; On                 ;
; Remove Duplicate Registers                                                      ; On                 ; On                 ;
; Ignore CARRY Buffers                                                            ; Off                ; Off                ;
; Ignore CASCADE Buffers                                                          ; Off                ; Off                ;
; Ignore GLOBAL Buffers                                                           ; Off                ; Off                ;
; Ignore ROW GLOBAL Buffers                                                       ; Off                ; Off                ;
; Ignore LCELL Buffers                                                            ; Off                ; Off                ;
; Ignore SOFT Buffers                                                             ; On                 ; On                 ;
; Limit AHDL Integers to 32 Bits                                                  ; Off                ; Off                ;
; Carry Chain Length                                                              ; 70                 ; 70                 ;
; Auto Carry Chains                                                               ; On                 ; On                 ;
; Auto Open-Drain Pins                                                            ; On                 ; On                 ;
; Perform WYSIWYG Primitive Resynthesis                                           ; Off                ; Off                ;
; Auto ROM Replacement                                                            ; On                 ; On                 ;
; Auto RAM Replacement                                                            ; On                 ; On                 ;
; Auto DSP Block Replacement                                                      ; On                 ; On                 ;
; Auto Shift Register Replacement                                                 ; Auto               ; Auto               ;
; Allow Shift Register Merging across Hierarchies                                 ; Auto               ; Auto               ;
; Auto Clock Enable Replacement                                                   ; On                 ; On                 ;
; Strict RAM Replacement                                                          ; Off                ; Off                ;
; Allow Synchronous Control Signals                                               ; On                 ; On                 ;
; Force Use of Synchronous Clear Signals                                          ; Off                ; Off                ;
; Allow Any Shift Register Size For Recognition                                   ; Off                ; Off                ;
; Use LogicLock Constraints during Resource Balancing                             ; On                 ; On                 ;
; Ignore translate_off and synthesis_off directives                               ; Off                ; Off                ;
; Timing-Driven Synthesis                                                         ; On                 ; On                 ;
; Report Parameter Settings                                                       ; On                 ; On                 ;
; Report Source Assignments                                                       ; On                 ; On                 ;
; Report Connectivity Checks                                                      ; On                 ; On                 ;
; Ignore Maximum Fan-Out Assignments                                              ; Off                ; Off                ;
; Synchronization Register Chain Length                                           ; 3                  ; 3                  ;
; Power Optimization During Synthesis                                             ; Normal compilation ; Normal compilation ;
; HDL message level                                                               ; Level2             ; Level2             ;
; Suppress Register Optimization Related Messages                                 ; Off                ; Off                ;
; Number of Removed Registers Reported in Synthesis Report                        ; 5000               ; 5000               ;
; Number of Swept Nodes Reported in Synthesis Report                              ; 5000               ; 5000               ;
; Number of Inverted Registers Reported in Synthesis Report                       ; 100                ; 100                ;
; Clock MUX Protection                                                            ; On                 ; On                 ;
; Block Design Naming                                                             ; Auto               ; Auto               ;
; SDC constraint protection                                                       ; Off                ; Off                ;
; Synthesis Effort                                                                ; Auto               ; Auto               ;
; Shift Register Replacement - Allow Asynchronous Clear Signal                    ; On                 ; On                 ;
; Pre-Mapping Resynthesis Optimization                                            ; Off                ; Off                ;
; Analysis & Synthesis Message Level                                              ; Medium             ; Medium             ;
; Disable Register Merging Across Hierarchies                                     ; Auto               ; Auto               ;
; Resource Aware Inference For Block RAM                                          ; On                 ; On                 ;
; Automatic Parallel Synthesis                                                    ; On                 ; On                 ;
; Partial Reconfiguration Bitstream ID                                            ; Off                ; Off                ;
+---------------------------------------------------------------------------------+--------------------+--------------------+


+------------------------------------------+
; Parallel Compilation                     ;
+----------------------------+-------------+
; Processors                 ; Number      ;
+----------------------------+-------------+
; Number detected on machine ; 8           ;
; Maximum allowed            ; 4           ;
;                            ;             ;
; Average used               ; 1.00        ;
; Maximum used               ; 4           ;
;                            ;             ;
; Usage by Processor         ; % Time Used ;
;     Processor 1            ; 100.0%      ;
;     Processors 2-4         ;   0.0%      ;
+----------------------------+-------------+


+----------------------------------------------------------------------------------------------------------------------------------------------------------------+
; Analysis & Synthesis Source Files Read                                                                                                                         ;
+----------------------------------+-----------------+------------------------------+------------------------------------------------------------------+---------+
; File Name with User-Entered Path ; Used in Netlist ; File Type                    ; File Name with Absolute Path                                     ; Library ;
+----------------------------------+-----------------+------------------------------+------------------------------------------------------------------+---------+
; ../affine/rom.sv                 ; yes             ; User SystemVerilog HDL File  ; C:/Users/Byron/Desktop/mips_insp/affine/rom.sv                   ;         ;
; ../affine/rf.sv                  ; yes             ; User SystemVerilog HDL File  ; C:/Users/Byron/Desktop/mips_insp/affine/rf.sv                    ;         ;
; ../affine/pc.sv                  ; yes             ; User SystemVerilog HDL File  ; C:/Users/Byron/Desktop/mips_insp/affine/pc.sv                    ;         ;
; ../affine/ddralu.sv              ; yes             ; User SystemVerilog HDL File  ; C:/Users/Byron/Desktop/mips_insp/affine/ddralu.sv                ;         ;
; ../affine/core.sv                ; yes             ; User SystemVerilog HDL File  ; C:/Users/Byron/Desktop/mips_insp/affine/core.sv                  ;         ;
; ../affine/common.sv              ; yes             ; User SystemVerilog HDL File  ; C:/Users/Byron/Desktop/mips_insp/affine/common.sv                ;         ;
; sseg.v                           ; yes             ; User SystemVerilog HDL File  ; C:/Users/Byron/Desktop/mips_insp/affine_de1/sseg.v               ;         ;
; counter.sv                       ; yes             ; User SystemVerilog HDL File  ; C:/Users/Byron/Desktop/mips_insp/affine_de1/counter.sv           ;         ;
; DE1_SOC_golden_top.v             ; yes             ; User SystemVerilog HDL File  ; C:/Users/Byron/Desktop/mips_insp/affine_de1/DE1_SOC_golden_top.v ;         ;
+----------------------------------+-----------------+------------------------------+------------------------------------------------------------------+---------+


+--------------------------------------------------------------------------+
; Analysis & Synthesis Resource Usage Summary                              ;
+---------------------------------------------+----------------------------+
; Resource                                    ; Usage                      ;
+---------------------------------------------+----------------------------+
; Estimate of Logic utilization (ALMs needed) ; 53                         ;
;                                             ;                            ;
; Combinational ALUT usage for logic          ; 100                        ;
;     -- 7 input functions                    ; 0                          ;
;     -- 6 input functions                    ; 0                          ;
;     -- 5 input functions                    ; 16                         ;
;     -- 4 input functions                    ; 44                         ;
;     -- <=3 input functions                  ; 40                         ;
;                                             ;                            ;
; Dedicated logic registers                   ; 59                         ;
;                                             ;                            ;
; I/O pins                                    ; 67                         ;
;                                             ;                            ;
; Total DSP Blocks                            ; 2                          ;
;                                             ;                            ;
; Maximum fan-out node                        ; core:core0|pc:c0|addr_o[0] ;
; Maximum fan-out                             ; 40                         ;
; Total fan-out                               ; 619                        ;
; Average fan-out                             ; 2.10                       ;
+---------------------------------------------+----------------------------+


+----------------------------------------------------------------------------------------------------------------------------------------------------------------------------------------------------------+
; Analysis & Synthesis Resource Utilization by Entity                                                                                                                                                      ;
+----------------------------+---------------------+---------------------------+-------------------+------------+------+--------------+-------------------------------------+---------------+--------------+
; Compilation Hierarchy Node ; Combinational ALUTs ; Dedicated Logic Registers ; Block Memory Bits ; DSP Blocks ; Pins ; Virtual Pins ; Full Hierarchy Name                 ; Entity Name   ; Library Name ;
+----------------------------+---------------------+---------------------------+-------------------+------------+------+--------------+-------------------------------------+---------------+--------------+
; |picoMIPS4test             ; 100 (0)             ; 59 (0)                    ; 0                 ; 2          ; 67   ; 0            ; |picoMIPS4test                      ; picoMIPS4test ; work         ;
;    |core:core0|            ; 45 (10)             ; 35 (1)                    ; 0                 ; 2          ; 0    ; 0            ; |picoMIPS4test|core:core0           ; core          ; work         ;
;       |ddralu:a0|          ; 32 (32)             ; 0 (0)                     ; 0                 ; 2          ; 0    ; 0            ; |picoMIPS4test|core:core0|ddralu:a0 ; ddralu        ; work         ;
;       |pc:c0|              ; 2 (2)               ; 2 (2)                     ; 0                 ; 0          ; 0    ; 0            ; |picoMIPS4test|core:core0|pc:c0     ; pc            ; work         ;
;       |rf:f0|              ; 0 (0)               ; 32 (32)                   ; 0                 ; 0          ; 0    ; 0            ; |picoMIPS4test|core:core0|rf:f0     ; rf            ; work         ;
;       |rom:r0|             ; 1 (1)               ; 0 (0)                     ; 0                 ; 0          ; 0    ; 0            ; |picoMIPS4test|core:core0|rom:r0    ; rom           ; work         ;
;    |counter:ctr|           ; 24 (24)             ; 24 (24)                   ; 0                 ; 0          ; 0    ; 0            ; |picoMIPS4test|counter:ctr          ; counter       ; work         ;
;    |sseg:s0|               ; 7 (7)               ; 0 (0)                     ; 0                 ; 0          ; 0    ; 0            ; |picoMIPS4test|sseg:s0              ; sseg          ; work         ;
;    |sseg:s1|               ; 7 (7)               ; 0 (0)                     ; 0                 ; 0          ; 0    ; 0            ; |picoMIPS4test|sseg:s1              ; sseg          ; work         ;
;    |sseg:s2|               ; 7 (7)               ; 0 (0)                     ; 0                 ; 0          ; 0    ; 0            ; |picoMIPS4test|sseg:s2              ; sseg          ; work         ;
;    |sseg:s3|               ; 7 (7)               ; 0 (0)                     ; 0                 ; 0          ; 0    ; 0            ; |picoMIPS4test|sseg:s3              ; sseg          ; work         ;
;    |sseg:s4|               ; 3 (3)               ; 0 (0)                     ; 0                 ; 0          ; 0    ; 0            ; |picoMIPS4test|sseg:s4              ; sseg          ; work         ;
+----------------------------+---------------------+---------------------------+-------------------+------------+------+--------------+-------------------------------------+---------------+--------------+
Note: For table entries with two numbers listed, the numbers in parentheses indicate the number of resources of the given type used by the specific entity alone. The numbers listed outside of parentheses indicate the total resources of the given type used by the specific entity and all of its sub-entities in the hierarchy.


+-------------------------------------------------+
; Analysis & Synthesis DSP Block Usage Summary    ;
+-----------------------------------+-------------+
; Statistic                         ; Number Used ;
+-----------------------------------+-------------+
; Independent 9x9                   ; 2           ;
; Total number of DSP blocks        ; 2           ;
;                                   ;             ;
; Fixed Point Signed Multiplier     ; 1           ;
; Fixed Point Mixed Sign Multiplier ; 1           ;
+-----------------------------------+-------------+


+------------------------------------------------------+
; General Register Statistics                          ;
+----------------------------------------------+-------+
; Statistic                                    ; Value ;
+----------------------------------------------+-------+
; Total registers                              ; 59    ;
; Number of registers using Synchronous Clear  ; 0     ;
; Number of registers using Synchronous Load   ; 0     ;
; Number of registers using Asynchronous Clear ; 3     ;
; Number of registers using Asynchronous Load  ; 0     ;
; Number of registers using Clock Enable       ; 24    ;
; Number of registers using Preset             ; 0     ;
+----------------------------------------------+-------+


+-------------------------------------------------------------------------------------------------------------------------------------------------------------+
; Multiplexer Restructuring Statistics (Restructuring Performed)                                                                                              ;
+--------------------+-----------+---------------+----------------------+------------------------+------------+-----------------------------------------------+
; Multiplexer Inputs ; Bus Width ; Baseline Area ; Area if Restructured ; Saving if Restructured ; Registered ; Example Multiplexer Output                    ;
+--------------------+-----------+---------------+----------------------+------------------------+------------+-----------------------------------------------+
; 3:1                ; 7 bits    ; 14 LEs        ; 14 LEs               ; 0 LEs                  ; No         ; |picoMIPS4test|core:core0|ddralu:a0|mul2_a[1] ;
; 3:1                ; 7 bits    ; 14 LEs        ; 14 LEs               ; 0 LEs                  ; No         ; |picoMIPS4test|core:core0|ddralu:a0|mul1_a[2] ;
+--------------------+-----------+---------------+----------------------+------------------------+------------+-----------------------------------------------+


+----------------------------------------------------------+
; Parameter Settings for User Entity Instance: counter:ctr ;
+----------------+-------+---------------------------------+
; Parameter Name ; Value ; Type                            ;
+----------------+-------+---------------------------------+
; n              ; 24    ; Signed Integer                  ;
+----------------+-------+---------------------------------+
Note: In order to hide this table in the UI and the text report file, please set the "Show Parameter Settings in Synthesis Report" option in "Analysis and Synthesis Settings -> More Settings" to "Off".


+--------------------------------------------+
; Port Connectivity Checks: "sseg:s5"        ;
+----------+-------+----------+--------------+
; Port     ; Type  ; Severity ; Details      ;
+----------+-------+----------+--------------+
; hexDigit ; Input ; Info     ; Stuck at GND ;
+----------+-------+----------+--------------+


+--------------------------------------------------+
; Port Connectivity Checks: "sseg:s4"              ;
+----------------+-------+----------+--------------+
; Port           ; Type  ; Severity ; Details      ;
+----------------+-------+----------+--------------+
; hexDigit[3..2] ; Input ; Info     ; Stuck at GND ;
+----------------+-------+----------+--------------+


+-------------------------------------------------------------------------------------------------------------------------------------------------------------------------------+
; Port Connectivity Checks: "core:core0|rom:r0"                                                                                                                                 ;
+-------------+-------+----------+----------------------------------------------------------------------------------------------------------------------------------------------+
; Port        ; Type  ; Severity ; Details                                                                                                                                      ;
+-------------+-------+----------+----------------------------------------------------------------------------------------------------------------------------------------------+
; refresh_clk ; Input ; Warning  ; Declared by entity but not connected by instance. If a default value exists, it will be used.  Otherwise, the port will be connected to GND. ;
+-------------+-------+----------+----------------------------------------------------------------------------------------------------------------------------------------------+


+---------------------------------------------------------------------------------------------------------------------------------------+
; Port Connectivity Checks: "core:core0"                                                                                                ;
+--------+--------+----------+----------------------------------------------------------------------------------------------------------+
; Port   ; Type   ; Severity ; Details                                                                                                  ;
+--------+--------+----------+----------------------------------------------------------------------------------------------------------+
; halt_o ; Output ; Warning  ; Declared by entity but not connected by instance. Logic that only feeds a dangling port will be removed. ;
+--------+--------+----------+----------------------------------------------------------------------------------------------------------+


+-----------------------------------------------------+
; Post-Synthesis Netlist Statistics for Top Partition ;
+-----------------------+-----------------------------+
; Type                  ; Count                       ;
+-----------------------+-----------------------------+
; arriav_ff             ; 59                          ;
;     CLR               ; 3                           ;
;     ENA               ; 24                          ;
;     plain             ; 32                          ;
; arriav_lcell_comb     ; 107                         ;
;     arith             ; 39                          ;
;         1 data inputs ; 22                          ;
;         2 data inputs ; 1                           ;
;         5 data inputs ; 16                          ;
;     normal            ; 68                          ;
;         0 data inputs ; 2                           ;
;         1 data inputs ; 7                           ;
;         2 data inputs ; 6                           ;
;         3 data inputs ; 9                           ;
;         4 data inputs ; 44                          ;
; arriav_mac            ; 2                           ;
; boundary_port         ; 67                          ;
;                       ;                             ;
; Max LUT depth         ; 3.20                        ;
; Average LUT depth     ; 1.87                        ;
+-----------------------+-----------------------------+


+-------------------------------+
; Elapsed Time Per Partition    ;
+----------------+--------------+
; Partition Name ; Elapsed Time ;
+----------------+--------------+
; Top            ; 00:00:00     ;
+----------------+--------------+


+-------------------------------+
; Analysis & Synthesis Messages ;
+-------------------------------+
Info: *******************************************************************
Info: Running Quartus Prime Analysis & Synthesis
    Info: Version 18.1.0 Build 625 09/12/2018 SJ Lite Edition
    Info: Processing started: Sun May 09 16:06:58 2021
Info: Command: quartus_map --read_settings_files=on --write_settings_files=off affine_de1 -c mips_de1
Info (16303): Aggressive Area optimization mode selected -- logic area will be prioritized at the potential cost of reduced timing performance
Warning (18236): Number of processors has not been specified which may cause overloading on shared machines.  Set the global assignment NUM_PARALLEL_PROCESSORS in your QSF to an appropriate value for best performance.
Info (20030): Parallel compilation is enabled and will use 4 of the 4 processors detected
Info (12021): Found 1 design units, including 1 entities, in source file /users/byron/desktop/mips_insp/affine/rom.sv
    Info (12023): Found entity 1: rom File: C:/Users/Byron/Desktop/mips_insp/affine/rom.sv Line: 1
Info (12021): Found 1 design units, including 1 entities, in source file /users/byron/desktop/mips_insp/affine/rf.sv
    Info (12023): Found entity 1: rf File: C:/Users/Byron/Desktop/mips_insp/affine/rf.sv Line: 1
Info (12021): Found 1 design units, including 1 entities, in source file /users/byron/desktop/mips_insp/affine/pc.sv
    Info (12023): Found entity 1: pc File: C:/Users/Byron/Desktop/mips_insp/affine/pc.sv Line: 1
Info (12021): Found 1 design units, including 1 entities, in source file /users/byron/desktop/mips_insp/affine/ddralu.sv
    Info (12023): Found entity 1: ddralu File: C:/Users/Byron/Desktop/mips_insp/affine/ddralu.sv Line: 1
Info (12021): Found 1 design units, including 1 entities, in source file /users/byron/desktop/mips_insp/affine/core.sv
    Info (12023): Found entity 1: core File: C:/Users/Byron/Desktop/mips_insp/affine/core.sv Line: 1
Info (12021): Found 1 design units, including 0 entities, in source file /users/byron/desktop/mips_insp/affine/common.sv
    Info (12022): Found design unit 1: affine (SystemVerilog) File: C:/Users/Byron/Desktop/mips_insp/affine/common.sv Line: 4
Info (12021): Found 1 design units, including 1 entities, in source file sseg.v
    Info (12023): Found entity 1: sseg File: C:/Users/Byron/Desktop/mips_insp/affine_de1/sseg.v Line: 1
Info (12021): Found 1 design units, including 1 entities, in source file counter.sv
    Info (12023): Found entity 1: counter File: C:/Users/Byron/Desktop/mips_insp/affine_de1/counter.sv Line: 2
Info (12021): Found 1 design units, including 1 entities, in source file de1_soc_golden_top.v
    Info (12023): Found entity 1: picoMIPS4test File: C:/Users/Byron/Desktop/mips_insp/affine_de1/DE1_SOC_golden_top.v Line: 1
Info (12127): Elaborating entity "picoMIPS4test" for the top level hierarchy
Warning (10034): Output port "LEDR[9..8]" at DE1_SOC_golden_top.v(5) has no driver File: C:/Users/Byron/Desktop/mips_insp/affine_de1/DE1_SOC_golden_top.v Line: 5
Info (12128): Elaborating entity "counter" for hierarchy "counter:ctr" File: C:/Users/Byron/Desktop/mips_insp/affine_de1/DE1_SOC_golden_top.v Line: 21
Warning (10230): Verilog HDL assignment warning at counter.sv(8): truncated value with size 32 to match size of target (24) File: C:/Users/Byron/Desktop/mips_insp/affine_de1/counter.sv Line: 8
Info (12128): Elaborating entity "core" for hierarchy "core:core0" File: C:/Users/Byron/Desktop/mips_insp/affine_de1/DE1_SOC_golden_top.v Line: 23
Warning (10230): Verilog HDL assignment warning at core.sv(10): truncated value with size 32 to match size of target (1) File: C:/Users/Byron/Desktop/mips_insp/affine/core.sv Line: 10
Info (12128): Elaborating entity "pc" for hierarchy "core:core0|pc:c0" File: C:/Users/Byron/Desktop/mips_insp/affine/core.sv Line: 19
Info (12128): Elaborating entity "rom" for hierarchy "core:core0|rom:r0" File: C:/Users/Byron/Desktop/mips_insp/affine/core.sv Line: 28
Info (12128): Elaborating entity "rf" for hierarchy "core:core0|rf:f0" File: C:/Users/Byron/Desktop/mips_insp/affine/core.sv Line: 43
Info (12128): Elaborating entity "ddralu" for hierarchy "core:core0|ddralu:a0" File: C:/Users/Byron/Desktop/mips_insp/affine/core.sv Line: 45
Info (12128): Elaborating entity "sseg" for hierarchy "sseg:s0" File: C:/Users/Byron/Desktop/mips_insp/affine_de1/DE1_SOC_golden_top.v Line: 27
Warning (12241): 2 hierarchies have connectivity warnings - see the Connectivity Checks report folder
Warning (13024): Output pins are stuck at VCC or GND
    Warning (13410): Pin "LEDR[8]" is stuck at GND File: C:/Users/Byron/Desktop/mips_insp/affine_de1/DE1_SOC_golden_top.v Line: 5
    Warning (13410): Pin "LEDR[9]" is stuck at GND File: C:/Users/Byron/Desktop/mips_insp/affine_de1/DE1_SOC_golden_top.v Line: 5
    Warning (13410): Pin "HEX4[1]" is stuck at GND File: C:/Users/Byron/Desktop/mips_insp/affine_de1/DE1_SOC_golden_top.v Line: 6
    Warning (13410): Pin "HEX5[0]" is stuck at GND File: C:/Users/Byron/Desktop/mips_insp/affine_de1/DE1_SOC_golden_top.v Line: 6
    Warning (13410): Pin "HEX5[1]" is stuck at GND File: C:/Users/Byron/Desktop/mips_insp/affine_de1/DE1_SOC_golden_top.v Line: 6
    Warning (13410): Pin "HEX5[2]" is stuck at GND File: C:/Users/Byron/Desktop/mips_insp/affine_de1/DE1_SOC_golden_top.v Line: 6
    Warning (13410): Pin "HEX5[3]" is stuck at GND File: C:/Users/Byron/Desktop/mips_insp/affine_de1/DE1_SOC_golden_top.v Line: 6
    Warning (13410): Pin "HEX5[4]" is stuck at GND File: C:/Users/Byron/Desktop/mips_insp/affine_de1/DE1_SOC_golden_top.v Line: 6
    Warning (13410): Pin "HEX5[5]" is stuck at GND File: C:/Users/Byron/Desktop/mips_insp/affine_de1/DE1_SOC_golden_top.v Line: 6
    Warning (13410): Pin "HEX5[6]" is stuck at VCC File: C:/Users/Byron/Desktop/mips_insp/affine_de1/DE1_SOC_golden_top.v Line: 6
Info (286030): Timing-Driven Synthesis is running
Info (16010): Generating hard_block partition "hard_block:auto_generated_inst"
    Info (16011): Adding 0 node(s), including 0 DDIO, 0 PLL, 0 transceiver and 0 LCELL
Warning (21074): Design contains 5 input pin(s) that do not drive logic
    Warning (15610): No output dependent on input pin "SW[8]" File: C:/Users/Byron/Desktop/mips_insp/affine_de1/DE1_SOC_golden_top.v Line: 3
    Warning (15610): No output dependent on input pin "SW[9]" File: C:/Users/Byron/Desktop/mips_insp/affine_de1/DE1_SOC_golden_top.v Line: 3
    Warning (15610): No output dependent on input pin "KEY[1]" File: C:/Users/Byron/Desktop/mips_insp/affine_de1/DE1_SOC_golden_top.v Line: 4
    Warning (15610): No output dependent on input pin "KEY[2]" File: C:/Users/Byron/Desktop/mips_insp/affine_de1/DE1_SOC_golden_top.v Line: 4
    Warning (15610): No output dependent on input pin "KEY[3]" File: C:/Users/Byron/Desktop/mips_insp/affine_de1/DE1_SOC_golden_top.v Line: 4
Info (21057): Implemented 194 device resources after synthesis - the final resource count might be different
    Info (21058): Implemented 15 input pins
    Info (21059): Implemented 52 output pins
    Info (21061): Implemented 125 logic cells
    Info (21062): Implemented 2 DSP elements
Info: Quartus Prime Analysis & Synthesis was successful. 0 errors, 22 warnings
    Info: Peak virtual memory: 4833 megabytes
    Info: Processing ended: Sun May 09 16:07:08 2021
    Info: Elapsed time: 00:00:10
    Info: Total CPU time (on all processors): 00:00:20


