Flow report for mips_de1
Mon May 10 12:03:45 2021
Quartus Prime Version 18.1.0 Build 625 09/12/2018 SJ Lite Edition


---------------------
; Table of Contents ;
---------------------
  1. Legal Notice
  2. Flow Summary
  3. Flow Settings
  4. Flow Non-Default Global Settings
  5. Flow Elapsed Time
  6. Flow OS Summary
  7. Flow Log
  8. Flow Messages
  9. Flow Suppressed Messages



----------------
; Legal Notice ;
----------------
Copyright (C) 2018  Intel Corporation. All rights reserved.
Your use of Intel Corporation's design tools, logic functions 
and other software and tools, and its AMPP partner logic 
functions, and any output files from any of the foregoing 
(including device programming or simulation files), and any 
associated documentation or information are expressly subject 
to the terms and conditions of the Intel Program License 
Subscription Agreement, the Intel Quartus Prime License Agreement,
the Intel FPGA IP License Agreement, or other applicable license
agreement, including, without limitation, that your use is for
the sole purpose of programming logic devices manufactured by
Intel and sold by Intel or its authorized distributors.  Please
refer to the applicable agreement for further details.



+-------------------------------------------------------------------------------+
; Flow Summary                                                                  ;
+---------------------------------+---------------------------------------------+
; Flow Status                     ; Successful - Mon May 10 12:03:37 2021       ;
; Quartus Prime Version           ; 18.1.0 Build 625 09/12/2018 SJ Lite Edition ;
; Revision Name                   ; mips_de1                                    ;
; Top-level Entity Name           ; picoMIPS4test                               ;
; Family                          ; Cyclone V                                   ;
; Device                          ; 5CSEMA5F31C6                                ;
; Timing Models                   ; Final                                       ;
; Logic utilization (in ALMs)     ; 51 / 32,070 ( < 1 % )                       ;
; Total registers                 ; 59                                          ;
; Total pins                      ; 67 / 457 ( 15 % )                           ;
; Total virtual pins              ; 0                                           ;
; Total block memory bits         ; 0 / 4,065,280 ( 0 % )                       ;
; Total DSP Blocks                ; 2 / 87 ( 2 % )                              ;
; Total HSSI RX PCSs              ; 0                                           ;
; Total HSSI PMA RX Deserializers ; 0                                           ;
; Total HSSI TX PCSs              ; 0                                           ;
; Total HSSI PMA TX Serializers   ; 0                                           ;
; Total PLLs                      ; 0 / 6 ( 0 % )                               ;
; Total DLLs                      ; 0 / 4 ( 0 % )                               ;
+---------------------------------+---------------------------------------------+


+-----------------------------------------+
; Flow Settings                           ;
+-------------------+---------------------+
; Option            ; Setting             ;
+-------------------+---------------------+
; Start date & time ; 05/10/2021 12:02:16 ;
; Main task         ; Compilation         ;
; Revision Name     ; mips_de1            ;
+-------------------+---------------------+


+----------------------------------------------------------------------------------------------------------------------------------------------+
; Flow Non-Default Global Settings                                                                                                             ;
+--------------------------------------------------------+----------------------------------------+---------------+---------------+------------+
; Assignment Name                                        ; Value                                  ; Default Value ; Entity Name   ; Section Id ;
+--------------------------------------------------------+----------------------------------------+---------------+---------------+------------+
; ADVANCED_PHYSICAL_OPTIMIZATION                         ; Off                                    ; On            ; --            ; --         ;
; ALLOW_ANY_RAM_SIZE_FOR_RECOGNITION                     ; On                                     ; Off           ; --            ; --         ;
; ALLOW_ANY_ROM_SIZE_FOR_RECOGNITION                     ; On                                     ; Off           ; --            ; --         ;
; ALLOW_REGISTER_DUPLICATION                             ; Off                                    ; On            ; --            ; --         ;
; ALLOW_REGISTER_RETIMING                                ; Off                                    ; On            ; --            ; --         ;
; ALM_REGISTER_PACKING_EFFORT                            ; High                                   ; Medium        ; --            ; --         ;
; AUTO_RESOURCE_SHARING                                  ; On                                     ; Off           ; --            ; --         ;
; BLOCK_RAM_AND_MLAB_EQUIVALENT_PAUSED_READ_CAPABILITIES ; Dont Care                              ; Care          ; --            ; --         ;
; BLOCK_RAM_AND_MLAB_EQUIVALENT_POWER_UP_CONDITIONS      ; Dont Care                              ; Auto          ; --            ; --         ;
; BLOCK_RAM_TO_MLAB_CELL_CONVERSION                      ; Off                                    ; On            ; --            ; --         ;
; COMPILER_SIGNATURE_ID                                  ; 2543711158273.162064453608092          ; --            ; --            ; --         ;
; DSP_BLOCK_BALANCING                                    ; Simple Multipliers                     ; Auto          ; --            ; --         ;
; FINAL_PLACEMENT_OPTIMIZATION                           ; Always                                 ; Automatically ; --            ; --         ;
; FITTER_AGGRESSIVE_ROUTABILITY_OPTIMIZATION             ; Always                                 ; Automatically ; --            ; --         ;
; FITTER_EFFORT                                          ; Standard Fit                           ; Auto Fit      ; --            ; --         ;
; MAX_CORE_JUNCTION_TEMP                                 ; 85                                     ; --            ; --            ; --         ;
; MIN_CORE_JUNCTION_TEMP                                 ; 0                                      ; --            ; --            ; --         ;
; MUX_RESTRUCTURE                                        ; On                                     ; Auto          ; --            ; --         ;
; OPTIMIZATION_MODE                                      ; Aggressive Area                        ; Balanced      ; --            ; --         ;
; OPTIMIZATION_TECHNIQUE                                 ; Area                                   ; Balanced      ; --            ; --         ;
; OPTIMIZE_FOR_METASTABILITY                             ; Off                                    ; On            ; --            ; --         ;
; PARTITION_COLOR                                        ; -- (Not supported for targeted family) ; --            ; picoMIPS4test ; Top        ;
; PARTITION_FITTER_PRESERVATION_LEVEL                    ; -- (Not supported for targeted family) ; --            ; picoMIPS4test ; Top        ;
; PARTITION_NETLIST_TYPE                                 ; -- (Not supported for targeted family) ; --            ; picoMIPS4test ; Top        ;
; PHYSICAL_SYNTHESIS_COMBO_LOGIC_FOR_AREA                ; On                                     ; Off           ; --            ; --         ;
; PLACEMENT_EFFORT_MULTIPLIER                            ; 8.0                                    ; 1.0           ; --            ; --         ;
; POWER_BOARD_THERMAL_MODEL                              ; None (CONSERVATIVE)                    ; --            ; --            ; --         ;
; POWER_PRESET_COOLING_SOLUTION                          ; 23 MM HEAT SINK WITH 200 LFPM AIRFLOW  ; --            ; --            ; --         ;
; PROJECT_OUTPUT_DIRECTORY                               ; output_files                           ; --            ; --            ; --         ;
; QII_AUTO_PACKED_REGISTERS                              ; Minimize Area                          ; Auto          ; --            ; --         ;
; REMOVE_REDUNDANT_LOGIC_CELLS                           ; On                                     ; Off           ; --            ; --         ;
; ROUTER_LCELL_INSERTION_AND_LOGIC_DUPLICATION           ; Off                                    ; Auto          ; --            ; --         ;
; ROUTER_REGISTER_DUPLICATION                            ; Off                                    ; Auto          ; --            ; --         ;
; ROUTER_TIMING_OPTIMIZATION_LEVEL                       ; MINIMUM                                ; Normal        ; --            ; --         ;
; SEED                                                   ; 2                                      ; 1             ; --            ; --         ;
; SYNTH_GATED_CLOCK_CONVERSION                           ; On                                     ; Off           ; --            ; --         ;
; TOP_LEVEL_ENTITY                                       ; picoMIPS4test                          ; mips_de1      ; --            ; --         ;
+--------------------------------------------------------+----------------------------------------+---------------+---------------+------------+


+--------------------------------------------------------------------------------------------------------------------------+
; Flow Elapsed Time                                                                                                        ;
+----------------------+--------------+-------------------------+---------------------+------------------------------------+
; Module Name          ; Elapsed Time ; Average Processors Used ; Peak Virtual Memory ; Total CPU Time (on all processors) ;
+----------------------+--------------+-------------------------+---------------------+------------------------------------+
; Analysis & Synthesis ; 00:00:16     ; 1.0                     ; 4832 MB             ; 00:00:36                           ;
; Fitter               ; 00:00:51     ; 1.0                     ; 6479 MB             ; 00:01:16                           ;
; Assembler            ; 00:00:10     ; 1.0                     ; 4830 MB             ; 00:00:07                           ;
; Timing Analyzer      ; 00:00:07     ; 1.1                     ; 5135 MB             ; 00:00:07                           ;
; Total                ; 00:01:24     ; --                      ; --                  ; 00:02:06                           ;
+----------------------+--------------+-------------------------+---------------------+------------------------------------+


+------------------------------------------------------------------------------------+
; Flow OS Summary                                                                    ;
+----------------------+------------------+------------+------------+----------------+
; Module Name          ; Machine Hostname ; OS Name    ; OS Version ; Processor type ;
+----------------------+------------------+------------+------------+----------------+
; Analysis & Synthesis ; APOLLO           ; Windows 10 ; 10.0       ; x86_64         ;
; Fitter               ; APOLLO           ; Windows 10 ; 10.0       ; x86_64         ;
; Assembler            ; APOLLO           ; Windows 10 ; 10.0       ; x86_64         ;
; Timing Analyzer      ; APOLLO           ; Windows 10 ; 10.0       ; x86_64         ;
+----------------------+------------------+------------+------------+----------------+


------------
; Flow Log ;
------------
quartus_map --read_settings_files=on --write_settings_files=off affine_de1 -c mips_de1
quartus_fit --read_settings_files=off --write_settings_files=off affine_de1 -c mips_de1
quartus_asm --read_settings_files=off --write_settings_files=off affine_de1 -c mips_de1
quartus_sta affine_de1 -c mips_de1



